
The following is logged from get_action_title()
in C:\wamp64\www\gspcoco\wp-content\plugins\simply-schedule-appointments\includes\class-revision-model.php line 732:

... insert_revision_appointment_type()
in C:\wamp64\www\gspcoco\wp-content\plugins\simply-schedule-appointments\includes\class-revision-model.php line 1009:

...... insert_revision_updated_appointment_type()
in C:\wamp64\www\gspcoco\wp-content\plugins\simply-schedule-appointments\includes\class-revision-model.php line 1101:
[2023-09-25 14:44:27] Action does not exist in get_action_title


The following is logged from get_action_title()
in C:\wamp64\www\gspcoco\wp-content\plugins\simply-schedule-appointments\includes\class-revision-model.php line 732:

... insert_revision_appointment_type()
in C:\wamp64\www\gspcoco\wp-content\plugins\simply-schedule-appointments\includes\class-revision-model.php line 1009:

...... insert_revision_updated_appointment_type()
in C:\wamp64\www\gspcoco\wp-content\plugins\simply-schedule-appointments\includes\class-revision-model.php line 1101:
[2023-09-25 14:44:27] Action does not exist in get_action_title


The following is logged from get_action_title()
in C:\wamp64\www\gspcoco\wp-content\plugins\simply-schedule-appointments\includes\class-revision-model.php line 732:

... insert_revision_appointment_type()
in C:\wamp64\www\gspcoco\wp-content\plugins\simply-schedule-appointments\includes\class-revision-model.php line 1009:

...... insert_revision_updated_appointment_type()
in C:\wamp64\www\gspcoco\wp-content\plugins\simply-schedule-appointments\includes\class-revision-model.php line 1101:
[2023-09-25 14:46:52] Action does not exist in get_action_title


The following is logged from get_action_title()
in C:\wamp64\www\gspcoco\wp-content\plugins\simply-schedule-appointments\includes\class-revision-model.php line 732:

... insert_revision_appointment_type()
in C:\wamp64\www\gspcoco\wp-content\plugins\simply-schedule-appointments\includes\class-revision-model.php line 1009:

...... insert_revision_updated_appointment_type()
in C:\wamp64\www\gspcoco\wp-content\plugins\simply-schedule-appointments\includes\class-revision-model.php line 1101:
[2023-09-25 14:46:52] Action does not exist in get_action_title


The following is logged from get_action_title()
in C:\wamp64\www\gspcoco\wp-content\plugins\simply-schedule-appointments\includes\class-revision-model.php line 732:

... insert_revision_appointment_type()
in C:\wamp64\www\gspcoco\wp-content\plugins\simply-schedule-appointments\includes\class-revision-model.php line 1009:

...... insert_revision_updated_appointment_type()
in C:\wamp64\www\gspcoco\wp-content\plugins\simply-schedule-appointments\includes\class-revision-model.php line 1101:
[2023-09-25 14:47:32] Action does not exist in get_action_title


The following is logged from get_action_title()
in C:\wamp64\www\gspcoco\wp-content\plugins\simply-schedule-appointments\includes\class-revision-model.php line 732:

... insert_revision_appointment_type()
in C:\wamp64\www\gspcoco\wp-content\plugins\simply-schedule-appointments\includes\class-revision-model.php line 1009:

...... insert_revision_updated_appointment_type()
in C:\wamp64\www\gspcoco\wp-content\plugins\simply-schedule-appointments\includes\class-revision-model.php line 1101:
[2023-09-25 14:47:32] Action does not exist in get_action_title


The following is logged from get_action_title()
in C:\wamp64\www\gspcoco\wp-content\plugins\simply-schedule-appointments\includes\class-revision-model.php line 732:

... insert_revision_appointment_type()
in C:\wamp64\www\gspcoco\wp-content\plugins\simply-schedule-appointments\includes\class-revision-model.php line 1009:

...... insert_revision_updated_appointment_type()
in C:\wamp64\www\gspcoco\wp-content\plugins\simply-schedule-appointments\includes\class-revision-model.php line 1101:
[2023-09-26 05:13:25] Action does not exist in get_action_title


The following is logged from get_action_title()
in C:\wamp64\www\gspcoco\wp-content\plugins\simply-schedule-appointments\includes\class-revision-model.php line 732:

... insert_revision_appointment_type()
in C:\wamp64\www\gspcoco\wp-content\plugins\simply-schedule-appointments\includes\class-revision-model.php line 1009:

...... insert_revision_updated_appointment_type()
in C:\wamp64\www\gspcoco\wp-content\plugins\simply-schedule-appointments\includes\class-revision-model.php line 1101:
[2023-09-26 05:13:25] Action does not exist in get_action_title


The following is logged from get_action_title()
in C:\wamp64\www\gspcoco\wp-content\plugins\simply-schedule-appointments\includes\class-revision-model.php line 732:

... insert_revision_appointment_type()
in C:\wamp64\www\gspcoco\wp-content\plugins\simply-schedule-appointments\includes\class-revision-model.php line 1009:

...... insert_revision_updated_appointment_type()
in C:\wamp64\www\gspcoco\wp-content\plugins\simply-schedule-appointments\includes\class-revision-model.php line 1101:
[2023-09-26 05:13:25] Action does not exist in get_action_title


The following is logged from get_action_title()
in C:\wamp64\www\gspcoco\wp-content\plugins\simply-schedule-appointments\includes\class-revision-model.php line 732:

... insert_revision_appointment_type()
in C:\wamp64\www\gspcoco\wp-content\plugins\simply-schedule-appointments\includes\class-revision-model.php line 1009:

...... insert_revision_updated_appointment_type()
in C:\wamp64\www\gspcoco\wp-content\plugins\simply-schedule-appointments\includes\class-revision-model.php line 1101:
[2023-09-26 05:16:27] Action does not exist in get_action_title


The following is logged from get_action_title()
in C:\wamp64\www\gspcoco\wp-content\plugins\simply-schedule-appointments\includes\class-revision-model.php line 732:

... insert_revision_appointment_type()
in C:\wamp64\www\gspcoco\wp-content\plugins\simply-schedule-appointments\includes\class-revision-model.php line 1009:

...... insert_revision_updated_appointment_type()
in C:\wamp64\www\gspcoco\wp-content\plugins\simply-schedule-appointments\includes\class-revision-model.php line 1101:
[2023-09-26 05:16:27] Action does not exist in get_action_title


The following is logged from get_action_title()
in C:\wamp64\www\gspcoco\wp-content\plugins\simply-schedule-appointments\includes\class-revision-model.php line 732:

... insert_revision_appointment_type()
in C:\wamp64\www\gspcoco\wp-content\plugins\simply-schedule-appointments\includes\class-revision-model.php line 1009:

...... insert_revision_updated_appointment_type()
in C:\wamp64\www\gspcoco\wp-content\plugins\simply-schedule-appointments\includes\class-revision-model.php line 1101:
[2023-09-26 05:17:32] Action does not exist in get_action_title


The following is logged from get_action_title()
in C:\wamp64\www\gspcoco\wp-content\plugins\simply-schedule-appointments\includes\class-revision-model.php line 732:

... insert_revision_appointment_type()
in C:\wamp64\www\gspcoco\wp-content\plugins\simply-schedule-appointments\includes\class-revision-model.php line 1009:

...... insert_revision_updated_appointment_type()
in C:\wamp64\www\gspcoco\wp-content\plugins\simply-schedule-appointments\includes\class-revision-model.php line 1101:
[2023-09-26 05:32:13] Action does not exist in get_action_title


The following is logged from get_action_title()
in C:\wamp64\www\gspcoco\wp-content\plugins\simply-schedule-appointments\includes\class-revision-model.php line 732:

... insert_revision_appointment_type()
in C:\wamp64\www\gspcoco\wp-content\plugins\simply-schedule-appointments\includes\class-revision-model.php line 1009:

...... insert_revision_updated_appointment_type()
in C:\wamp64\www\gspcoco\wp-content\plugins\simply-schedule-appointments\includes\class-revision-model.php line 1101:
[2023-09-26 05:32:40] Action does not exist in get_action_title


The following is logged from get_action_title()
in C:\wamp64\www\gspcoco\wp-content\plugins\simply-schedule-appointments\includes\class-revision-model.php line 732:

... insert_revision_appointment_type()
in C:\wamp64\www\gspcoco\wp-content\plugins\simply-schedule-appointments\includes\class-revision-model.php line 1009:

...... insert_revision_updated_appointment_type()
in C:\wamp64\www\gspcoco\wp-content\plugins\simply-schedule-appointments\includes\class-revision-model.php line 1101:
[2023-09-26 05:35:14] Action does not exist in get_action_title

